<?xml version="1.0" encoding="UTF-8"?>
<!-- Generated by org.testng.reporters.JUnitReportReporter -->
<testsuite hostname="Dinesh" failures="0" tests="1" name="zTestpackage.Demo" time="0.017" errors="0" timestamp="2025-09-02T23:41:01 IST" skipped="0">
  <testcase classname="zTestpackage.Demo" name="main2" time="0.017"/>
</testsuite> <!-- zTestpackage.Demo -->
