<?xml version="1.0" encoding="UTF-8"?>
<!-- Generated by org.testng.reporters.JUnitReportReporter -->
<testsuite hostname="Dinesh" failures="0" tests="1" name="zTestpackage.Amazon" time="11.422" errors="0" timestamp="2025-09-03T23:50:14 IST" skipped="0">
  <testcase classname="zTestpackage.Amazon" name="amazon" time="11.422"/>
</testsuite> <!-- zTestpackage.Amazon -->
