<?xml version="1.0" encoding="UTF-8"?>
<!-- Generated by org.testng.reporters.JUnitReportReporter -->
<testsuite hostname="DESKTOP-M471DVV" failures="0" tests="1" name="pack_1.Demo" time="0.033" errors="0" timestamp="2025-09-02T11:52:27 IST" skipped="0">
  <testcase classname="pack_1.Demo" name="main2" time="0.033"/>
</testsuite> <!-- pack_1.Demo -->
