<?xml version="1.0" encoding="UTF-8"?>
<!-- Generated by org.testng.reporters.JUnitReportReporter -->
<testsuite hostname="Dinesh" failures="0" tests="1" name="pack_1.Demo" time="0.017" errors="0" timestamp="2025-09-01T22:36:03 IST" skipped="0">
  <testcase classname="pack_1.Demo" name="name" time="0.017"/>
</testsuite> <!-- pack_1.Demo -->
